Connecting to database specified by database.yml
  [1m[36m (0.0ms)[0m  [1mselect sqlite_version(*)[0m
  [1m[35m (38.8ms)[0m  CREATE TABLE "schema_migrations" ("version" varchar(255) NOT NULL) 
  [1m[36m (13.3ms)[0m  [1mCREATE UNIQUE INDEX "unique_schema_migrations" ON "schema_migrations" ("version")[0m
  [1m[35m (0.3ms)[0m  SELECT "schema_migrations"."version" FROM "schema_migrations" 
Migrating to CreateMovies (20111119180638)
  [1m[36m (0.1ms)[0m  [1mbegin transaction[0m
  [1m[35m (1.2ms)[0m  CREATE TABLE "movies" ("id" INTEGER PRIMARY KEY AUTOINCREMENT NOT NULL, "title" varchar(255), "rating" varchar(255), "description" text, "release_date" datetime, "created_at" datetime NOT NULL, "updated_at" datetime NOT NULL) 
  [1m[36m (0.0ms)[0m  [1mINSERT INTO "schema_migrations" ("version") VALUES ('20111119180638')[0m
  [1m[35m (9.8ms)[0m  commit transaction
  [1m[36m (0.1ms)[0m  [1mSELECT "schema_migrations"."version" FROM "schema_migrations" [0m
Connecting to database specified by database.yml
  [1m[36m (0.1ms)[0m  [1mSELECT "schema_migrations"."version" FROM "schema_migrations" [0m
  [1m[35m (0.1ms)[0m  begin transaction
  [1m[36mSQL (37.9ms)[0m  [1mINSERT INTO "movies" ("created_at", "description", "rating", "release_date", "title", "updated_at") VALUES (?, ?, ?, ?, ?, ?)[0m  [["created_at", Tue, 08 Oct 2013 23:11:26 UTC +00:00], ["description", nil], ["rating", "G"], ["release_date", Wed, 25 Nov 1992 00:00:00 UTC +00:00], ["title", "Aladdin"], ["updated_at", Tue, 08 Oct 2013 23:11:26 UTC +00:00]]
  [1m[35m (23.8ms)[0m  commit transaction
  [1m[36m (0.1ms)[0m  [1mbegin transaction[0m
  [1m[35mSQL (0.3ms)[0m  INSERT INTO "movies" ("created_at", "description", "rating", "release_date", "title", "updated_at") VALUES (?, ?, ?, ?, ?, ?)  [["created_at", Tue, 08 Oct 2013 23:11:26 UTC +00:00], ["description", nil], ["rating", "R"], ["release_date", Fri, 26 Oct 1984 00:00:00 UTC +00:00], ["title", "The Terminator"], ["updated_at", Tue, 08 Oct 2013 23:11:26 UTC +00:00]]
  [1m[36m (9.1ms)[0m  [1mcommit transaction[0m
  [1m[35m (0.0ms)[0m  begin transaction
  [1m[36mSQL (0.3ms)[0m  [1mINSERT INTO "movies" ("created_at", "description", "rating", "release_date", "title", "updated_at") VALUES (?, ?, ?, ?, ?, ?)[0m  [["created_at", Tue, 08 Oct 2013 23:11:26 UTC +00:00], ["description", nil], ["rating", "R"], ["release_date", Fri, 21 Jul 1989 00:00:00 UTC +00:00], ["title", "When Harry Met Sally"], ["updated_at", Tue, 08 Oct 2013 23:11:26 UTC +00:00]]
  [1m[35m (10.5ms)[0m  commit transaction
  [1m[36m (0.1ms)[0m  [1mbegin transaction[0m
  [1m[35mSQL (0.6ms)[0m  INSERT INTO "movies" ("created_at", "description", "rating", "release_date", "title", "updated_at") VALUES (?, ?, ?, ?, ?, ?)  [["created_at", Tue, 08 Oct 2013 23:11:26 UTC +00:00], ["description", nil], ["rating", "PG-13"], ["release_date", Wed, 10 Aug 2011 00:00:00 UTC +00:00], ["title", "The Help"], ["updated_at", Tue, 08 Oct 2013 23:11:26 UTC +00:00]]
  [1m[36m (12.0ms)[0m  [1mcommit transaction[0m
  [1m[35m (0.1ms)[0m  begin transaction
  [1m[36mSQL (0.3ms)[0m  [1mINSERT INTO "movies" ("created_at", "description", "rating", "release_date", "title", "updated_at") VALUES (?, ?, ?, ?, ?, ?)[0m  [["created_at", Tue, 08 Oct 2013 23:11:26 UTC +00:00], ["description", nil], ["rating", "PG-13"], ["release_date", Fri, 05 Jan 2001 00:00:00 UTC +00:00], ["title", "Chocolat"], ["updated_at", Tue, 08 Oct 2013 23:11:26 UTC +00:00]]
  [1m[35m (8.1ms)[0m  commit transaction
  [1m[36m (0.0ms)[0m  [1mbegin transaction[0m
  [1m[35mSQL (0.3ms)[0m  INSERT INTO "movies" ("created_at", "description", "rating", "release_date", "title", "updated_at") VALUES (?, ?, ?, ?, ?, ?)  [["created_at", Tue, 08 Oct 2013 23:11:26 UTC +00:00], ["description", nil], ["rating", "R"], ["release_date", Wed, 25 Apr 2001 00:00:00 UTC +00:00], ["title", "Amelie"], ["updated_at", Tue, 08 Oct 2013 23:11:26 UTC +00:00]]
  [1m[36m (10.2ms)[0m  [1mcommit transaction[0m
  [1m[35m (0.0ms)[0m  begin transaction
  [1m[36mSQL (0.8ms)[0m  [1mINSERT INTO "movies" ("created_at", "description", "rating", "release_date", "title", "updated_at") VALUES (?, ?, ?, ?, ?, ?)[0m  [["created_at", Tue, 08 Oct 2013 23:11:26 UTC +00:00], ["description", nil], ["rating", "G"], ["release_date", Sat, 06 Apr 1968 00:00:00 UTC +00:00], ["title", "2001: A Space Odyssey"], ["updated_at", Tue, 08 Oct 2013 23:11:26 UTC +00:00]]
  [1m[35m (9.6ms)[0m  commit transaction
  [1m[36m (0.0ms)[0m  [1mbegin transaction[0m
  [1m[35mSQL (0.2ms)[0m  INSERT INTO "movies" ("created_at", "description", "rating", "release_date", "title", "updated_at") VALUES (?, ?, ?, ?, ?, ?)  [["created_at", Tue, 08 Oct 2013 23:11:26 UTC +00:00], ["description", nil], ["rating", "PG"], ["release_date", Fri, 05 Nov 2004 00:00:00 UTC +00:00], ["title", "The Incredibles"], ["updated_at", Tue, 08 Oct 2013 23:11:26 UTC +00:00]]
  [1m[36m (10.6ms)[0m  [1mcommit transaction[0m
  [1m[35m (0.0ms)[0m  begin transaction
  [1m[36mSQL (0.3ms)[0m  [1mINSERT INTO "movies" ("created_at", "description", "rating", "release_date", "title", "updated_at") VALUES (?, ?, ?, ?, ?, ?)[0m  [["created_at", Tue, 08 Oct 2013 23:11:26 UTC +00:00], ["description", nil], ["rating", "PG"], ["release_date", Fri, 12 Jun 1981 00:00:00 UTC +00:00], ["title", "Raiders of the Lost Ark"], ["updated_at", Tue, 08 Oct 2013 23:11:26 UTC +00:00]]
  [1m[35m (10.4ms)[0m  commit transaction
  [1m[36m (0.0ms)[0m  [1mbegin transaction[0m
  [1m[35mSQL (0.3ms)[0m  INSERT INTO "movies" ("created_at", "description", "rating", "release_date", "title", "updated_at") VALUES (?, ?, ?, ?, ?, ?)  [["created_at", Tue, 08 Oct 2013 23:11:26 UTC +00:00], ["description", nil], ["rating", "G"], ["release_date", Wed, 21 Jun 2000 00:00:00 UTC +00:00], ["title", "Chicken Run"], ["updated_at", Tue, 08 Oct 2013 23:11:26 UTC +00:00]]
  [1m[36m (10.4ms)[0m  [1mcommit transaction[0m


Started GET "/movies" for 127.0.0.1 at 2013-10-08 17:13:22 -0600
Connecting to database specified by database.yml
Processing by MoviesController#index as HTML
  [1m[36mMovie Load (0.3ms)[0m  [1mSELECT "movies".* FROM "movies" [0m
  Rendered movies/index.html.haml within layouts/application (43.8ms)
Compiled application.css  (0ms)  (pid 9910)
Compiled jquery.js  (2ms)  (pid 9910)
Compiled jquery_ujs.js  (0ms)  (pid 9910)
Compiled application.js  (85ms)  (pid 9910)
Completed 200 OK in 344ms (Views: 335.4ms | ActiveRecord: 0.3ms)


Started GET "/assets/application.css?body=1" for 127.0.0.1 at 2013-10-08 17:13:24 -0600
Served asset /application.css - 200 OK (60ms)


Started GET "/assets/application.js?body=1" for 127.0.0.1 at 2013-10-08 17:13:24 -0600
Served asset /application.js - 200 OK (13ms)


Started GET "/assets/jquery_ujs.js?body=1" for 127.0.0.1 at 2013-10-08 17:13:24 -0600
Served asset /jquery_ujs.js - 200 OK (2ms)


Started GET "/assets/jquery.js?body=1" for 127.0.0.1 at 2013-10-08 17:13:24 -0600
Served asset /jquery.js - 200 OK (4ms)


Started GET "/movies" for 127.0.0.1 at 2013-10-08 17:51:28 -0600
Connecting to database specified by database.yml
Processing by MoviesController#index as HTML
  [1m[36mMovie Load (0.3ms)[0m  [1mSELECT "movies".* FROM "movies" [0m
  Rendered movies/index.html.haml within layouts/application (41.8ms)
Completed 200 OK in 169ms (Views: 161.2ms | ActiveRecord: 0.3ms)


Started GET "/assets/application.css?body=1" for 127.0.0.1 at 2013-10-08 17:51:30 -0600
Served asset /application.css - 304 Not Modified (1ms)


Started GET "/assets/application.js?body=1" for 127.0.0.1 at 2013-10-08 17:51:30 -0600
Served asset /application.js - 304 Not Modified (7ms)


Started GET "/assets/jquery_ujs.js?body=1" for 127.0.0.1 at 2013-10-08 17:51:30 -0600
Served asset /jquery_ujs.js - 304 Not Modified (1ms)


Started GET "/assets/jquery.js?body=1" for 127.0.0.1 at 2013-10-08 17:51:30 -0600
Served asset /jquery.js - 304 Not Modified (2ms)


Started GET "/movies" for 127.0.0.1 at 2013-10-08 17:52:31 -0600
Processing by MoviesController#index as HTML
  [1m[35mMovie Load (0.2ms)[0m  SELECT "movies".* FROM "movies" 
  Rendered movies/index.html.haml within layouts/application (18.6ms)
Completed 200 OK in 25ms (Views: 23.5ms | ActiveRecord: 0.2ms)


Started GET "/assets/application.css?body=1" for 127.0.0.1 at 2013-10-08 17:52:31 -0600
Served asset /application.css - 304 Not Modified (0ms)


Started GET "/assets/application.js?body=1" for 127.0.0.1 at 2013-10-08 17:52:31 -0600
Served asset /application.js - 304 Not Modified (3ms)


Started GET "/assets/jquery_ujs.js?body=1" for 127.0.0.1 at 2013-10-08 17:52:31 -0600
Served asset /jquery_ujs.js - 304 Not Modified (0ms)


Started GET "/assets/jquery.js?body=1" for 127.0.0.1 at 2013-10-08 17:52:31 -0600
Served asset /jquery.js - 304 Not Modified (0ms)


Started GET "/movies/new" for 127.0.0.1 at 2013-10-08 17:52:33 -0600
Processing by MoviesController#new as HTML
  Rendered movies/new.html.haml within layouts/application (61.7ms)
Completed 200 OK in 68ms (Views: 67.6ms | ActiveRecord: 0.0ms)


Started GET "/assets/application.css?body=1" for 127.0.0.1 at 2013-10-08 17:52:33 -0600
Served asset /application.css - 304 Not Modified (0ms)


Started GET "/assets/jquery.js?body=1" for 127.0.0.1 at 2013-10-08 17:52:33 -0600
Served asset /jquery.js - 304 Not Modified (0ms)


Started GET "/assets/jquery_ujs.js?body=1" for 127.0.0.1 at 2013-10-08 17:52:33 -0600
Served asset /jquery_ujs.js - 304 Not Modified (0ms)


Started GET "/assets/application.js?body=1" for 127.0.0.1 at 2013-10-08 17:52:33 -0600
Served asset /application.js - 304 Not Modified (0ms)


Started GET "/movies" for 127.0.0.1 at 2013-10-08 18:02:43 -0600
Processing by MoviesController#index as HTML
  [1m[36mMovie Load (0.3ms)[0m  [1mSELECT "movies".* FROM "movies" [0m
  Rendered movies/index.html.haml within layouts/application (9.7ms)
Completed 200 OK in 16ms (Views: 14.1ms | ActiveRecord: 0.3ms)


Started GET "/assets/application.css?body=1" for 127.0.0.1 at 2013-10-08 18:02:43 -0600
Served asset /application.css - 304 Not Modified (0ms)


Started GET "/assets/jquery_ujs.js?body=1" for 127.0.0.1 at 2013-10-08 18:02:43 -0600
Served asset /jquery_ujs.js - 304 Not Modified (0ms)


Started GET "/assets/jquery.js?body=1" for 127.0.0.1 at 2013-10-08 18:02:43 -0600
Served asset /jquery.js - 304 Not Modified (0ms)


Started GET "/assets/application.js?body=1" for 127.0.0.1 at 2013-10-08 18:02:43 -0600
Served asset /application.js - 304 Not Modified (2ms)


Started GET "/movies/new" for 127.0.0.1 at 2013-10-08 18:02:45 -0600
Processing by MoviesController#new as HTML
  Rendered movies/new.html.haml within layouts/application (4.2ms)
Completed 200 OK in 9ms (Views: 8.9ms | ActiveRecord: 0.0ms)


Started GET "/assets/application.css?body=1" for 127.0.0.1 at 2013-10-08 18:02:45 -0600
Served asset /application.css - 304 Not Modified (0ms)


Started GET "/assets/jquery.js?body=1" for 127.0.0.1 at 2013-10-08 18:02:45 -0600
Served asset /jquery.js - 304 Not Modified (3ms)


Started GET "/assets/application.js?body=1" for 127.0.0.1 at 2013-10-08 18:02:45 -0600
Served asset /application.js - 304 Not Modified (0ms)


Started GET "/assets/jquery_ujs.js?body=1" for 127.0.0.1 at 2013-10-08 18:02:45 -0600
Served asset /jquery_ujs.js - 304 Not Modified (0ms)


Started GET "/movies" for 127.0.0.1 at 2013-10-08 19:10:01 -0600
Connecting to database specified by database.yml
Processing by MoviesController#index as HTML
  [1m[36mMovie Load (0.3ms)[0m  [1mSELECT "movies".* FROM "movies" [0m
  Rendered movies/index.html.haml within layouts/application (48.5ms)
Completed 200 OK in 187ms (Views: 176.2ms | ActiveRecord: 0.3ms)


Started GET "/assets/application.css?body=1" for 127.0.0.1 at 2013-10-08 19:10:04 -0600
Served asset /application.css - 304 Not Modified (51ms)


Started GET "/assets/jquery.js?body=1" for 127.0.0.1 at 2013-10-08 19:10:04 -0600
Served asset /jquery.js - 304 Not Modified (2ms)


Started GET "/assets/application.js?body=1" for 127.0.0.1 at 2013-10-08 19:10:04 -0600
Served asset /application.js - 304 Not Modified (12ms)


Started GET "/assets/jquery_ujs.js?body=1" for 127.0.0.1 at 2013-10-08 19:10:04 -0600
Served asset /jquery_ujs.js - 304 Not Modified (1ms)


Started GET "/movies?sort=title" for 127.0.0.1 at 2013-10-08 19:10:06 -0600
Processing by MoviesController#index as HTML
  Parameters: {"sort"=>"title"}
  [1m[35mMovie Load (0.3ms)[0m  SELECT "movies".* FROM "movies" 
  Rendered movies/index.html.haml within layouts/application (4.9ms)
Completed 200 OK in 19ms (Views: 15.7ms | ActiveRecord: 0.3ms)


Started GET "/assets/application.css?body=1" for 127.0.0.1 at 2013-10-08 19:10:06 -0600
Served asset /application.css - 304 Not Modified (0ms)


Started GET "/assets/jquery.js?body=1" for 127.0.0.1 at 2013-10-08 19:10:06 -0600
Served asset /jquery.js - 304 Not Modified (10ms)


Started GET "/assets/jquery_ujs.js?body=1" for 127.0.0.1 at 2013-10-08 19:10:06 -0600
Served asset /jquery_ujs.js - 304 Not Modified (0ms)


Started GET "/assets/application.js?body=1" for 127.0.0.1 at 2013-10-08 19:10:06 -0600
Served asset /application.js - 304 Not Modified (3ms)


Started GET "/movies?sort=title" for 127.0.0.1 at 2013-10-08 19:10:07 -0600
Processing by MoviesController#index as HTML
  Parameters: {"sort"=>"title"}
  [1m[36mMovie Load (0.2ms)[0m  [1mSELECT "movies".* FROM "movies" [0m
  Rendered movies/index.html.haml within layouts/application (5.6ms)
Completed 200 OK in 11ms (Views: 9.8ms | ActiveRecord: 0.2ms)


Started GET "/assets/application.css?body=1" for 127.0.0.1 at 2013-10-08 19:10:07 -0600
Served asset /application.css - 304 Not Modified (15ms)


Started GET "/assets/application.js?body=1" for 127.0.0.1 at 2013-10-08 19:10:07 -0600
Served asset /application.js - 304 Not Modified (6ms)


Started GET "/assets/jquery.js?body=1" for 127.0.0.1 at 2013-10-08 19:10:07 -0600
Served asset /jquery.js - 304 Not Modified (0ms)


Started GET "/assets/jquery_ujs.js?body=1" for 127.0.0.1 at 2013-10-08 19:10:07 -0600
Served asset /jquery_ujs.js - 304 Not Modified (0ms)


Started GET "/movies?sort=title" for 127.0.0.1 at 2013-10-08 19:10:08 -0600
Processing by MoviesController#index as HTML
  Parameters: {"sort"=>"title"}
  [1m[35mMovie Load (0.3ms)[0m  SELECT "movies".* FROM "movies" 
  Rendered movies/index.html.haml within layouts/application (11.9ms)
Completed 200 OK in 19ms (Views: 17.2ms | ActiveRecord: 0.3ms)


Started GET "/assets/application.css?body=1" for 127.0.0.1 at 2013-10-08 19:10:08 -0600
Served asset /application.css - 304 Not Modified (0ms)


Started GET "/assets/application.js?body=1" for 127.0.0.1 at 2013-10-08 19:10:08 -0600
Served asset /application.js - 304 Not Modified (1ms)


Started GET "/assets/jquery.js?body=1" for 127.0.0.1 at 2013-10-08 19:10:08 -0600
Served asset /jquery.js - 304 Not Modified (0ms)


Started GET "/assets/jquery_ujs.js?body=1" for 127.0.0.1 at 2013-10-08 19:10:08 -0600
Served asset /jquery_ujs.js - 304 Not Modified (3ms)


Started GET "/movies?sort=title" for 127.0.0.1 at 2013-10-08 19:10:09 -0600
Processing by MoviesController#index as HTML
  Parameters: {"sort"=>"title"}
  [1m[36mMovie Load (0.3ms)[0m  [1mSELECT "movies".* FROM "movies" [0m
  Rendered movies/index.html.haml within layouts/application (5.2ms)
Completed 200 OK in 12ms (Views: 9.9ms | ActiveRecord: 0.3ms)


Started GET "/assets/application.css?body=1" for 127.0.0.1 at 2013-10-08 19:10:09 -0600
Served asset /application.css - 304 Not Modified (0ms)


Started GET "/assets/jquery_ujs.js?body=1" for 127.0.0.1 at 2013-10-08 19:10:09 -0600
Served asset /jquery_ujs.js - 304 Not Modified (0ms)


Started GET "/assets/application.js?body=1" for 127.0.0.1 at 2013-10-08 19:10:09 -0600
Served asset /application.js - 304 Not Modified (1ms)


Started GET "/assets/jquery.js?body=1" for 127.0.0.1 at 2013-10-08 19:10:09 -0600
Served asset /jquery.js - 304 Not Modified (0ms)


Started GET "/movies?sort=release" for 127.0.0.1 at 2013-10-08 19:10:10 -0600
Processing by MoviesController#index as HTML
  Parameters: {"sort"=>"release"}
  [1m[35mMovie Load (0.2ms)[0m  SELECT "movies".* FROM "movies" 
  Rendered movies/index.html.haml within layouts/application (5.2ms)
Completed 200 OK in 20ms (Views: 17.9ms | ActiveRecord: 0.2ms)


Started GET "/assets/application.css?body=1" for 127.0.0.1 at 2013-10-08 19:10:10 -0600
Served asset /application.css - 304 Not Modified (0ms)


Started GET "/assets/application.js?body=1" for 127.0.0.1 at 2013-10-08 19:10:10 -0600
Served asset /application.js - 304 Not Modified (1ms)


Started GET "/assets/jquery.js?body=1" for 127.0.0.1 at 2013-10-08 19:10:10 -0600
Served asset /jquery.js - 304 Not Modified (3ms)


Started GET "/assets/jquery_ujs.js?body=1" for 127.0.0.1 at 2013-10-08 19:10:10 -0600
Served asset /jquery_ujs.js - 304 Not Modified (0ms)


Started GET "/movies?sort=release" for 127.0.0.1 at 2013-10-08 19:10:11 -0600
Processing by MoviesController#index as HTML
  Parameters: {"sort"=>"release"}
  [1m[36mMovie Load (0.3ms)[0m  [1mSELECT "movies".* FROM "movies" [0m
  Rendered movies/index.html.haml within layouts/application (49.8ms)
Completed 200 OK in 58ms (Views: 55.4ms | ActiveRecord: 0.3ms)


Started GET "/assets/application.css?body=1" for 127.0.0.1 at 2013-10-08 19:10:11 -0600
Served asset /application.css - 304 Not Modified (0ms)


Started GET "/assets/jquery.js?body=1" for 127.0.0.1 at 2013-10-08 19:10:11 -0600
Served asset /jquery.js - 304 Not Modified (0ms)


Started GET "/assets/jquery_ujs.js?body=1" for 127.0.0.1 at 2013-10-08 19:10:11 -0600
Served asset /jquery_ujs.js - 304 Not Modified (0ms)


Started GET "/assets/application.js?body=1" for 127.0.0.1 at 2013-10-08 19:10:11 -0600
Served asset /application.js - 304 Not Modified (0ms)


Started GET "/movies?sort=release" for 127.0.0.1 at 2013-10-08 19:10:12 -0600
Processing by MoviesController#index as HTML
  Parameters: {"sort"=>"release"}
  [1m[35mMovie Load (0.4ms)[0m  SELECT "movies".* FROM "movies" 
  Rendered movies/index.html.haml within layouts/application (4.5ms)
Completed 200 OK in 29ms (Views: 17.0ms | ActiveRecord: 0.4ms)


Started GET "/assets/application.css?body=1" for 127.0.0.1 at 2013-10-08 19:10:12 -0600
Served asset /application.css - 304 Not Modified (0ms)


Started GET "/assets/jquery.js?body=1" for 127.0.0.1 at 2013-10-08 19:10:12 -0600
Served asset /jquery.js - 304 Not Modified (0ms)


Started GET "/assets/jquery_ujs.js?body=1" for 127.0.0.1 at 2013-10-08 19:10:12 -0600
Served asset /jquery_ujs.js - 304 Not Modified (0ms)


Started GET "/assets/application.js?body=1" for 127.0.0.1 at 2013-10-08 19:10:12 -0600
Served asset /application.js - 304 Not Modified (0ms)


Started GET "/movies?utf8=%E2%9C%93&commit=Refresh" for 127.0.0.1 at 2013-10-08 19:10:20 -0600
Processing by MoviesController#index as HTML
  Parameters: {"utf8"=>"✓", "commit"=>"Refresh"}
  [1m[36mMovie Load (0.3ms)[0m  [1mSELECT "movies".* FROM "movies" [0m
Redirected to http://localhost:3000/movies?sort=release
Completed 302 Found in 9ms (ActiveRecord: 0.3ms)


Started GET "/movies?sort=release" for 127.0.0.1 at 2013-10-08 19:10:20 -0600
Processing by MoviesController#index as HTML
  Parameters: {"sort"=>"release"}
  [1m[35mMovie Load (0.2ms)[0m  SELECT "movies".* FROM "movies" 
  Rendered movies/index.html.haml within layouts/application (5.3ms)
Completed 200 OK in 15ms (Views: 10.6ms | ActiveRecord: 0.2ms)


Started GET "/assets/application.css?body=1" for 127.0.0.1 at 2013-10-08 19:10:20 -0600
Served asset /application.css - 304 Not Modified (0ms)


Started GET "/assets/jquery.js?body=1" for 127.0.0.1 at 2013-10-08 19:10:20 -0600
Served asset /jquery.js - 304 Not Modified (1ms)


Started GET "/assets/application.js?body=1" for 127.0.0.1 at 2013-10-08 19:10:20 -0600
Served asset /application.js - 304 Not Modified (0ms)


Started GET "/assets/jquery_ujs.js?body=1" for 127.0.0.1 at 2013-10-08 19:10:20 -0600
Served asset /jquery_ujs.js - 304 Not Modified (0ms)


Started GET "/movies?utf8=%E2%9C%93&commit=Refresh" for 127.0.0.1 at 2013-10-08 19:10:21 -0600
Processing by MoviesController#index as HTML
  Parameters: {"utf8"=>"✓", "commit"=>"Refresh"}
  [1m[36mMovie Load (0.2ms)[0m  [1mSELECT "movies".* FROM "movies" [0m
Redirected to http://localhost:3000/movies?sort=release
Completed 302 Found in 2ms (ActiveRecord: 0.2ms)


Started GET "/movies?sort=release" for 127.0.0.1 at 2013-10-08 19:10:21 -0600
Processing by MoviesController#index as HTML
  Parameters: {"sort"=>"release"}
  [1m[35mMovie Load (0.2ms)[0m  SELECT "movies".* FROM "movies" 
  Rendered movies/index.html.haml within layouts/application (8.4ms)
Completed 200 OK in 23ms (Views: 21.6ms | ActiveRecord: 0.2ms)


Started GET "/assets/application.css?body=1" for 127.0.0.1 at 2013-10-08 19:10:21 -0600
Served asset /application.css - 304 Not Modified (10ms)


Started GET "/assets/jquery_ujs.js?body=1" for 127.0.0.1 at 2013-10-08 19:10:21 -0600
Served asset /jquery_ujs.js - 304 Not Modified (0ms)


Started GET "/assets/jquery.js?body=1" for 127.0.0.1 at 2013-10-08 19:10:21 -0600
Served asset /jquery.js - 304 Not Modified (0ms)


Started GET "/assets/application.js?body=1" for 127.0.0.1 at 2013-10-08 19:10:21 -0600
Served asset /application.js - 304 Not Modified (1ms)


Started GET "/assets/rails.png" for 127.0.0.1 at 2013-10-15 01:10:51 -0600
Connecting to database specified by database.yml
Served asset /rails.png - 200 OK (22ms)


Started GET "/movies" for 127.0.0.1 at 2013-10-15 01:10:56 -0600
Processing by MoviesController#index as HTML
  [1m[36mMovie Load (0.2ms)[0m  [1mSELECT "movies".* FROM "movies" [0m
  Rendered movies/index.html.haml within layouts/application (63.3ms)
Completed 200 OK in 435ms (Views: 424.1ms | ActiveRecord: 0.2ms)


Started GET "/assets/application.css?body=1" for 127.0.0.1 at 2013-10-15 01:10:57 -0600
Served asset /application.css - 304 Not Modified (1ms)


Started GET "/assets/jquery_ujs.js?body=1" for 127.0.0.1 at 2013-10-15 01:10:57 -0600
Served asset /jquery_ujs.js - 304 Not Modified (1ms)


Started GET "/assets/jquery.js?body=1" for 127.0.0.1 at 2013-10-15 01:10:57 -0600
Served asset /jquery.js - 304 Not Modified (2ms)


Started GET "/assets/application.js?body=1" for 127.0.0.1 at 2013-10-15 01:10:57 -0600
Served asset /application.js - 304 Not Modified (4ms)


Started GET "/movies" for 127.0.0.1 at 2013-10-15 01:14:36 -0600
Processing by MoviesController#index as HTML
  [1m[35mMovie Load (0.2ms)[0m  SELECT DISTINCT rating FROM "movies" 
{"session_id"=>"78a667a51b88433be1d3471a3a27ef33", "_csrf_token"=>"4FfnvIuVcb4itIo8J86wdGHByh6x2j2ZcaGqSacNOlA="}
  [1m[36mMovie Load (0.3ms)[0m  [1mSELECT "movies".* FROM "movies" [0m
  Rendered movies/index.html.haml within layouts/application (8.0ms)
Completed 200 OK in 26ms (Views: 12.9ms | ActiveRecord: 0.4ms)


Started GET "/assets/application.css?body=1" for 127.0.0.1 at 2013-10-15 01:14:36 -0600
Served asset /application.css - 304 Not Modified (0ms)


Started GET "/assets/jquery_ujs.js?body=1" for 127.0.0.1 at 2013-10-15 01:14:36 -0600
Served asset /jquery_ujs.js - 304 Not Modified (0ms)


Started GET "/assets/jquery.js?body=1" for 127.0.0.1 at 2013-10-15 01:14:36 -0600
Served asset /jquery.js - 304 Not Modified (0ms)


Started GET "/assets/application.js?body=1" for 127.0.0.1 at 2013-10-15 01:14:36 -0600
Served asset /application.js - 304 Not Modified (1ms)


Started GET "/movies?&sort_by=title" for 127.0.0.1 at 2013-10-15 01:14:38 -0600
Processing by MoviesController#index as HTML
  Parameters: {"sort_by"=>"title"}
  [1m[35mMovie Load (0.4ms)[0m  SELECT DISTINCT rating FROM "movies" 
{"session_id"=>"78a667a51b88433be1d3471a3a27ef33", "_csrf_token"=>"4FfnvIuVcb4itIo8J86wdGHByh6x2j2ZcaGqSacNOlA="}
  [1m[36mMovie Load (0.2ms)[0m  [1mSELECT "movies".* FROM "movies" ORDER BY title[0m
  Rendered movies/index.html.haml within layouts/application (10.2ms)
Completed 200 OK in 19ms (Views: 15.6ms | ActiveRecord: 0.6ms)


Started GET "/assets/application.css?body=1" for 127.0.0.1 at 2013-10-15 01:14:38 -0600
Served asset /application.css - 304 Not Modified (0ms)


Started GET "/assets/jquery.js?body=1" for 127.0.0.1 at 2013-10-15 01:14:38 -0600
Served asset /jquery.js - 304 Not Modified (1ms)


Started GET "/assets/application.js?body=1" for 127.0.0.1 at 2013-10-15 01:14:38 -0600
Served asset /application.js - 304 Not Modified (0ms)


Started GET "/assets/jquery_ujs.js?body=1" for 127.0.0.1 at 2013-10-15 01:14:38 -0600
Served asset /jquery_ujs.js - 304 Not Modified (0ms)


Started GET "/movies?&sort_by=title" for 127.0.0.1 at 2013-10-15 01:14:38 -0600
Processing by MoviesController#index as HTML
  Parameters: {"sort_by"=>"title"}
  [1m[35mMovie Load (0.3ms)[0m  SELECT DISTINCT rating FROM "movies" 
{"session_id"=>"78a667a51b88433be1d3471a3a27ef33", "_csrf_token"=>"4FfnvIuVcb4itIo8J86wdGHByh6x2j2ZcaGqSacNOlA=", "sort_by"=>"title"}
  [1m[36mMovie Load (0.2ms)[0m  [1mSELECT "movies".* FROM "movies" ORDER BY title[0m
  Rendered movies/index.html.haml within layouts/application (5.6ms)
Completed 200 OK in 19ms (Views: 15.6ms | ActiveRecord: 0.5ms)


Started GET "/assets/application.css?body=1" for 127.0.0.1 at 2013-10-15 01:14:38 -0600
Served asset /application.css - 304 Not Modified (0ms)


Started GET "/assets/application.js?body=1" for 127.0.0.1 at 2013-10-15 01:14:38 -0600
Served asset /application.js - 304 Not Modified (0ms)


Started GET "/assets/jquery_ujs.js?body=1" for 127.0.0.1 at 2013-10-15 01:14:38 -0600
Served asset /jquery_ujs.js - 304 Not Modified (0ms)


Started GET "/assets/jquery.js?body=1" for 127.0.0.1 at 2013-10-15 01:14:38 -0600
Served asset /jquery.js - 304 Not Modified (0ms)


Started GET "/movies?&sort_by=title" for 127.0.0.1 at 2013-10-15 01:14:39 -0600
Processing by MoviesController#index as HTML
  Parameters: {"sort_by"=>"title"}
  [1m[35mMovie Load (0.2ms)[0m  SELECT DISTINCT rating FROM "movies" 
{"session_id"=>"78a667a51b88433be1d3471a3a27ef33", "_csrf_token"=>"4FfnvIuVcb4itIo8J86wdGHByh6x2j2ZcaGqSacNOlA=", "sort_by"=>"title"}
  [1m[36mMovie Load (0.2ms)[0m  [1mSELECT "movies".* FROM "movies" ORDER BY title[0m
  Rendered movies/index.html.haml within layouts/application (4.8ms)
Completed 200 OK in 56ms (Views: 53.2ms | ActiveRecord: 0.5ms)


Started GET "/assets/application.css?body=1" for 127.0.0.1 at 2013-10-15 01:14:39 -0600
Served asset /application.css - 304 Not Modified (0ms)


Started GET "/assets/jquery_ujs.js?body=1" for 127.0.0.1 at 2013-10-15 01:14:39 -0600
Served asset /jquery_ujs.js - 304 Not Modified (15ms)


Started GET "/assets/application.js?body=1" for 127.0.0.1 at 2013-10-15 01:14:39 -0600
Served asset /application.js - 304 Not Modified (1ms)


Started GET "/assets/jquery.js?body=1" for 127.0.0.1 at 2013-10-15 01:14:39 -0600
Served asset /jquery.js - 304 Not Modified (0ms)


Started GET "/movies?&sort_by=title" for 127.0.0.1 at 2013-10-15 01:14:40 -0600
Processing by MoviesController#index as HTML
  Parameters: {"sort_by"=>"title"}
  [1m[35mMovie Load (1.2ms)[0m  SELECT DISTINCT rating FROM "movies" 
{"session_id"=>"78a667a51b88433be1d3471a3a27ef33", "_csrf_token"=>"4FfnvIuVcb4itIo8J86wdGHByh6x2j2ZcaGqSacNOlA=", "sort_by"=>"title"}
  [1m[36mMovie Load (0.4ms)[0m  [1mSELECT "movies".* FROM "movies" ORDER BY title[0m
  Rendered movies/index.html.haml within layouts/application (4.9ms)
Completed 200 OK in 19ms (Views: 15.1ms | ActiveRecord: 1.5ms)


Started GET "/assets/application.css?body=1" for 127.0.0.1 at 2013-10-15 01:14:40 -0600
Served asset /application.css - 304 Not Modified (0ms)


Started GET "/assets/application.js?body=1" for 127.0.0.1 at 2013-10-15 01:14:40 -0600
Served asset /application.js - 304 Not Modified (10ms)


Started GET "/assets/jquery_ujs.js?body=1" for 127.0.0.1 at 2013-10-15 01:14:40 -0600
Served asset /jquery_ujs.js - 304 Not Modified (0ms)


Started GET "/assets/jquery.js?body=1" for 127.0.0.1 at 2013-10-15 01:14:40 -0600
Served asset /jquery.js - 304 Not Modified (0ms)


Started GET "/movies?&sort_by=release_date" for 127.0.0.1 at 2013-10-15 01:14:41 -0600
Processing by MoviesController#index as HTML
  Parameters: {"sort_by"=>"release_date"}
  [1m[35mMovie Load (2.3ms)[0m  SELECT DISTINCT rating FROM "movies" 
{"session_id"=>"78a667a51b88433be1d3471a3a27ef33", "_csrf_token"=>"4FfnvIuVcb4itIo8J86wdGHByh6x2j2ZcaGqSacNOlA=", "sort_by"=>"title"}
  [1m[36mMovie Load (0.2ms)[0m  [1mSELECT "movies".* FROM "movies" ORDER BY release_date[0m
  Rendered movies/index.html.haml within layouts/application (14.7ms)
Completed 200 OK in 27ms (Views: 22.5ms | ActiveRecord: 2.5ms)


Started GET "/assets/application.css?body=1" for 127.0.0.1 at 2013-10-15 01:14:41 -0600
Served asset /application.css - 304 Not Modified (0ms)


Started GET "/assets/jquery_ujs.js?body=1" for 127.0.0.1 at 2013-10-15 01:14:41 -0600
Served asset /jquery_ujs.js - 304 Not Modified (0ms)


Started GET "/assets/application.js?body=1" for 127.0.0.1 at 2013-10-15 01:14:41 -0600
Served asset /application.js - 304 Not Modified (0ms)


Started GET "/assets/jquery.js?body=1" for 127.0.0.1 at 2013-10-15 01:14:41 -0600
Served asset /jquery.js - 304 Not Modified (0ms)


Started GET "/movies?&sort_by=release_date" for 127.0.0.1 at 2013-10-15 01:14:42 -0600
Processing by MoviesController#index as HTML
  Parameters: {"sort_by"=>"release_date"}
  [1m[35mMovie Load (0.2ms)[0m  SELECT DISTINCT rating FROM "movies" 
{"session_id"=>"78a667a51b88433be1d3471a3a27ef33", "_csrf_token"=>"4FfnvIuVcb4itIo8J86wdGHByh6x2j2ZcaGqSacNOlA=", "sort_by"=>"release_date"}
  [1m[36mMovie Load (0.2ms)[0m  [1mSELECT "movies".* FROM "movies" ORDER BY release_date[0m
  Rendered movies/index.html.haml within layouts/application (4.9ms)
Completed 200 OK in 13ms (Views: 10.1ms | ActiveRecord: 0.4ms)


Started GET "/assets/application.css?body=1" for 127.0.0.1 at 2013-10-15 01:14:42 -0600
Served asset /application.css - 304 Not Modified (0ms)


Started GET "/assets/jquery.js?body=1" for 127.0.0.1 at 2013-10-15 01:14:42 -0600
Served asset /jquery.js - 304 Not Modified (0ms)


Started GET "/assets/jquery_ujs.js?body=1" for 127.0.0.1 at 2013-10-15 01:14:42 -0600
Served asset /jquery_ujs.js - 304 Not Modified (0ms)


Started GET "/assets/application.js?body=1" for 127.0.0.1 at 2013-10-15 01:14:42 -0600
Served asset /application.js - 304 Not Modified (1ms)


Started GET "/movies/7" for 127.0.0.1 at 2013-10-15 01:14:43 -0600
Processing by MoviesController#show as HTML
  Parameters: {"id"=>"7"}
  [1m[35mMovie Load (0.1ms)[0m  SELECT "movies".* FROM "movies" WHERE "movies"."id" = ? LIMIT 1  [["id", "7"]]
  Rendered movies/show.html.haml within layouts/application (8.1ms)
Completed 200 OK in 17ms (Views: 14.7ms | ActiveRecord: 0.1ms)


Started GET "/assets/application.css?body=1" for 127.0.0.1 at 2013-10-15 01:14:44 -0600
Served asset /application.css - 304 Not Modified (0ms)


Started GET "/assets/jquery.js?body=1" for 127.0.0.1 at 2013-10-15 01:14:44 -0600
Served asset /jquery.js - 304 Not Modified (0ms)


Started GET "/assets/application.js?body=1" for 127.0.0.1 at 2013-10-15 01:14:44 -0600
Served asset /application.js - 304 Not Modified (0ms)


Started GET "/assets/jquery_ujs.js?body=1" for 127.0.0.1 at 2013-10-15 01:14:44 -0600
Served asset /jquery_ujs.js - 304 Not Modified (0ms)


Started GET "/movies?utf8=%E2%9C%93&ratings%5BR%5D=1&commit=Refresh" for 127.0.0.1 at 2013-10-15 01:14:50 -0600
Processing by MoviesController#index as HTML
  Parameters: {"utf8"=>"✓", "ratings"=>{"R"=>"1"}, "commit"=>"Refresh"}
  [1m[36mMovie Load (0.2ms)[0m  [1mSELECT DISTINCT rating FROM "movies" [0m
{"session_id"=>"78a667a51b88433be1d3471a3a27ef33", "_csrf_token"=>"4FfnvIuVcb4itIo8J86wdGHByh6x2j2ZcaGqSacNOlA=", "sort_by"=>"release_date"}
Redirected to http://localhost:3000/movies?ratings%5BR%5D=1&sort_by=release_date
  [1m[35mMovie Load (0.3ms)[0m  SELECT "movies".* FROM "movies" WHERE "movies"."rating" IN ('R') ORDER BY release_date
Completed 302 Found in 40ms (ActiveRecord: 0.5ms)


Started GET "/movies?ratings%5BR%5D=1&sort_by=release_date" for 127.0.0.1 at 2013-10-15 01:14:50 -0600
Processing by MoviesController#index as HTML
  Parameters: {"ratings"=>{"R"=>"1"}, "sort_by"=>"release_date"}
  [1m[36mMovie Load (1.9ms)[0m  [1mSELECT DISTINCT rating FROM "movies" [0m
{"session_id"=>"78a667a51b88433be1d3471a3a27ef33", "_csrf_token"=>"4FfnvIuVcb4itIo8J86wdGHByh6x2j2ZcaGqSacNOlA=", "sort_by"=>"release_date", "ratings"=>{"R"=>"1"}}
  [1m[35mMovie Load (0.2ms)[0m  SELECT "movies".* FROM "movies" WHERE "movies"."rating" IN ('R') ORDER BY release_date
  Rendered movies/index.html.haml within layouts/application (3.5ms)
Completed 200 OK in 11ms (Views: 8.1ms | ActiveRecord: 2.1ms)


Started GET "/assets/application.css?body=1" for 127.0.0.1 at 2013-10-15 01:14:50 -0600
Served asset /application.css - 304 Not Modified (0ms)


Started GET "/assets/jquery.js?body=1" for 127.0.0.1 at 2013-10-15 01:14:50 -0600
Served asset /jquery.js - 304 Not Modified (0ms)


Started GET "/assets/application.js?body=1" for 127.0.0.1 at 2013-10-15 01:14:50 -0600
Served asset /application.js - 304 Not Modified (1ms)


Started GET "/assets/jquery_ujs.js?body=1" for 127.0.0.1 at 2013-10-15 01:14:50 -0600
Served asset /jquery_ujs.js - 304 Not Modified (0ms)


Started GET "/movies?utf8=%E2%9C%93&ratings%5BR%5D=1&commit=Refresh" for 127.0.0.1 at 2013-10-15 01:14:51 -0600
Processing by MoviesController#index as HTML
  Parameters: {"utf8"=>"✓", "ratings"=>{"R"=>"1"}, "commit"=>"Refresh"}
  [1m[36mMovie Load (0.2ms)[0m  [1mSELECT DISTINCT rating FROM "movies" [0m
{"session_id"=>"78a667a51b88433be1d3471a3a27ef33", "_csrf_token"=>"4FfnvIuVcb4itIo8J86wdGHByh6x2j2ZcaGqSacNOlA=", "sort_by"=>"release_date", "ratings"=>{"R"=>"1"}}
Redirected to http://localhost:3000/movies?ratings%5BR%5D=1&sort_by=release_date
  [1m[35mMovie Load (0.2ms)[0m  SELECT "movies".* FROM "movies" WHERE "movies"."rating" IN ('R') ORDER BY release_date
Completed 302 Found in 5ms (ActiveRecord: 0.4ms)


Started GET "/movies?ratings%5BR%5D=1&sort_by=release_date" for 127.0.0.1 at 2013-10-15 01:14:51 -0600
Processing by MoviesController#index as HTML
  Parameters: {"ratings"=>{"R"=>"1"}, "sort_by"=>"release_date"}
  [1m[36mMovie Load (0.2ms)[0m  [1mSELECT DISTINCT rating FROM "movies" [0m
{"session_id"=>"78a667a51b88433be1d3471a3a27ef33", "_csrf_token"=>"4FfnvIuVcb4itIo8J86wdGHByh6x2j2ZcaGqSacNOlA=", "sort_by"=>"release_date", "ratings"=>{"R"=>"1"}}
  [1m[35mMovie Load (0.3ms)[0m  SELECT "movies".* FROM "movies" WHERE "movies"."rating" IN ('R') ORDER BY release_date
  Rendered movies/index.html.haml within layouts/application (3.2ms)
Completed 200 OK in 24ms (Views: 16.4ms | ActiveRecord: 0.5ms)


Started GET "/assets/application.css?body=1" for 127.0.0.1 at 2013-10-15 01:14:52 -0600
Served asset /application.css - 304 Not Modified (0ms)


Started GET "/assets/jquery_ujs.js?body=1" for 127.0.0.1 at 2013-10-15 01:14:52 -0600
Served asset /jquery_ujs.js - 304 Not Modified (0ms)


Started GET "/assets/application.js?body=1" for 127.0.0.1 at 2013-10-15 01:14:52 -0600
Served asset /application.js - 304 Not Modified (1ms)


Started GET "/assets/jquery.js?body=1" for 127.0.0.1 at 2013-10-15 01:14:52 -0600
Served asset /jquery.js - 304 Not Modified (6ms)


Started GET "/movies?utf8=%E2%9C%93&ratings%5BPG-13%5D=1&ratings%5BR%5D=1&commit=Refresh" for 127.0.0.1 at 2013-10-15 01:14:53 -0600
Processing by MoviesController#index as HTML
  Parameters: {"utf8"=>"✓", "ratings"=>{"PG-13"=>"1", "R"=>"1"}, "commit"=>"Refresh"}
  [1m[36mMovie Load (0.2ms)[0m  [1mSELECT DISTINCT rating FROM "movies" [0m
{"session_id"=>"78a667a51b88433be1d3471a3a27ef33", "_csrf_token"=>"4FfnvIuVcb4itIo8J86wdGHByh6x2j2ZcaGqSacNOlA=", "sort_by"=>"release_date", "ratings"=>{"R"=>"1"}}
Redirected to http://localhost:3000/movies?ratings%5BPG-13%5D=1&ratings%5BR%5D=1&sort_by=release_date
  [1m[35mMovie Load (0.2ms)[0m  SELECT "movies".* FROM "movies" WHERE "movies"."rating" IN ('PG-13', 'R') ORDER BY release_date
Completed 302 Found in 3ms (ActiveRecord: 0.4ms)


Started GET "/movies?ratings%5BPG-13%5D=1&ratings%5BR%5D=1&sort_by=release_date" for 127.0.0.1 at 2013-10-15 01:14:53 -0600
Processing by MoviesController#index as HTML
  Parameters: {"ratings"=>{"PG-13"=>"1", "R"=>"1"}, "sort_by"=>"release_date"}
  [1m[36mMovie Load (0.2ms)[0m  [1mSELECT DISTINCT rating FROM "movies" [0m
{"session_id"=>"78a667a51b88433be1d3471a3a27ef33", "_csrf_token"=>"4FfnvIuVcb4itIo8J86wdGHByh6x2j2ZcaGqSacNOlA=", "sort_by"=>"release_date", "ratings"=>{"PG-13"=>"1", "R"=>"1"}}
  [1m[35mMovie Load (0.2ms)[0m  SELECT "movies".* FROM "movies" WHERE "movies"."rating" IN ('PG-13', 'R') ORDER BY release_date
  Rendered movies/index.html.haml within layouts/application (56.7ms)
Completed 200 OK in 63ms (Views: 61.2ms | ActiveRecord: 0.4ms)


Started GET "/assets/application.css?body=1" for 127.0.0.1 at 2013-10-15 01:14:53 -0600
Served asset /application.css - 304 Not Modified (0ms)


Started GET "/assets/jquery.js?body=1" for 127.0.0.1 at 2013-10-15 01:14:53 -0600
Served asset /jquery.js - 304 Not Modified (0ms)


Started GET "/assets/application.js?body=1" for 127.0.0.1 at 2013-10-15 01:14:53 -0600
Served asset /application.js - 304 Not Modified (1ms)


Started GET "/assets/jquery_ujs.js?body=1" for 127.0.0.1 at 2013-10-15 01:14:53 -0600
Served asset /jquery_ujs.js - 304 Not Modified (0ms)


Started GET "/movies?utf8=%E2%9C%93&ratings%5BPG-13%5D=1&commit=Refresh" for 127.0.0.1 at 2013-10-15 01:14:54 -0600
Processing by MoviesController#index as HTML
  Parameters: {"utf8"=>"✓", "ratings"=>{"PG-13"=>"1"}, "commit"=>"Refresh"}
  [1m[36mMovie Load (0.2ms)[0m  [1mSELECT DISTINCT rating FROM "movies" [0m
{"session_id"=>"78a667a51b88433be1d3471a3a27ef33", "_csrf_token"=>"4FfnvIuVcb4itIo8J86wdGHByh6x2j2ZcaGqSacNOlA=", "sort_by"=>"release_date", "ratings"=>{"PG-13"=>"1", "R"=>"1"}}
Redirected to http://localhost:3000/movies?ratings%5BPG-13%5D=1&sort_by=release_date
  [1m[35mMovie Load (0.5ms)[0m  SELECT "movies".* FROM "movies" WHERE "movies"."rating" IN ('PG-13') ORDER BY release_date
Completed 302 Found in 7ms (ActiveRecord: 0.7ms)


Started GET "/movies?ratings%5BPG-13%5D=1&sort_by=release_date" for 127.0.0.1 at 2013-10-15 01:14:54 -0600
Processing by MoviesController#index as HTML
  Parameters: {"ratings"=>{"PG-13"=>"1"}, "sort_by"=>"release_date"}
  [1m[36mMovie Load (0.4ms)[0m  [1mSELECT DISTINCT rating FROM "movies" [0m
{"session_id"=>"78a667a51b88433be1d3471a3a27ef33", "_csrf_token"=>"4FfnvIuVcb4itIo8J86wdGHByh6x2j2ZcaGqSacNOlA=", "sort_by"=>"release_date", "ratings"=>{"PG-13"=>"1"}}
  [1m[35mMovie Load (0.2ms)[0m  SELECT "movies".* FROM "movies" WHERE "movies"."rating" IN ('PG-13') ORDER BY release_date
  Rendered movies/index.html.haml within layouts/application (8.2ms)
Completed 200 OK in 18ms (Views: 16.0ms | ActiveRecord: 0.6ms)


Started GET "/assets/application.css?body=1" for 127.0.0.1 at 2013-10-15 01:14:54 -0600
Served asset /application.css - 304 Not Modified (9ms)


Started GET "/assets/jquery.js?body=1" for 127.0.0.1 at 2013-10-15 01:14:54 -0600
Served asset /jquery.js - 304 Not Modified (1ms)


Started GET "/assets/jquery_ujs.js?body=1" for 127.0.0.1 at 2013-10-15 01:14:54 -0600
Served asset /jquery_ujs.js - 304 Not Modified (0ms)


Started GET "/assets/application.js?body=1" for 127.0.0.1 at 2013-10-15 01:14:54 -0600
Served asset /application.js - 304 Not Modified (0ms)


Started GET "/movies?utf8=%E2%9C%93&commit=Refresh" for 127.0.0.1 at 2013-10-15 01:14:57 -0600
Processing by MoviesController#index as HTML
  Parameters: {"utf8"=>"✓", "commit"=>"Refresh"}
  [1m[36mMovie Load (0.2ms)[0m  [1mSELECT DISTINCT rating FROM "movies" [0m
{"session_id"=>"78a667a51b88433be1d3471a3a27ef33", "_csrf_token"=>"4FfnvIuVcb4itIo8J86wdGHByh6x2j2ZcaGqSacNOlA=", "sort_by"=>"release_date", "ratings"=>{"PG-13"=>"1"}}
Redirected to http://localhost:3000/movies?sort_by=release_date
  [1m[35mMovie Load (0.2ms)[0m  SELECT "movies".* FROM "movies" ORDER BY release_date
Completed 302 Found in 5ms (ActiveRecord: 0.5ms)


Started GET "/movies?sort_by=release_date" for 127.0.0.1 at 2013-10-15 01:14:57 -0600
Processing by MoviesController#index as HTML
  Parameters: {"sort_by"=>"release_date"}
  [1m[36mMovie Load (0.2ms)[0m  [1mSELECT DISTINCT rating FROM "movies" [0m
{"session_id"=>"78a667a51b88433be1d3471a3a27ef33", "_csrf_token"=>"4FfnvIuVcb4itIo8J86wdGHByh6x2j2ZcaGqSacNOlA=", "sort_by"=>"release_date"}
  [1m[35mMovie Load (0.3ms)[0m  SELECT "movies".* FROM "movies" ORDER BY release_date
  Rendered movies/index.html.haml within layouts/application (4.9ms)
Completed 200 OK in 20ms (Views: 9.7ms | ActiveRecord: 0.5ms)


Started GET "/assets/application.css?body=1" for 127.0.0.1 at 2013-10-15 01:14:57 -0600
Served asset /application.css - 304 Not Modified (0ms)


Started GET "/assets/jquery_ujs.js?body=1" for 127.0.0.1 at 2013-10-15 01:14:57 -0600
Served asset /jquery_ujs.js - 304 Not Modified (0ms)


Started GET "/assets/application.js?body=1" for 127.0.0.1 at 2013-10-15 01:14:57 -0600
Served asset /application.js - 304 Not Modified (2ms)


Started GET "/assets/jquery.js?body=1" for 127.0.0.1 at 2013-10-15 01:14:57 -0600
Served asset /jquery.js - 304 Not Modified (0ms)


Started GET "/movies?&sort_by=title" for 127.0.0.1 at 2013-10-15 01:19:59 -0600
Processing by MoviesController#index as HTML
  Parameters: {"sort_by"=>"title"}
  [1m[36mMovie Load (0.2ms)[0m  [1mSELECT DISTINCT rating FROM "movies" [0m
{"session_id"=>"78a667a51b88433be1d3471a3a27ef33", "_csrf_token"=>"4FfnvIuVcb4itIo8J86wdGHByh6x2j2ZcaGqSacNOlA=", "sort_by"=>"release_date"}
  [1m[35mMovie Load (0.3ms)[0m  SELECT "movies".* FROM "movies" ORDER BY title
  Rendered movies/index.html.haml within layouts/application (10.8ms)
Completed 200 OK in 19ms (Views: 15.8ms | ActiveRecord: 0.5ms)


Started GET "/assets/application.css?body=1" for 127.0.0.1 at 2013-10-15 01:19:59 -0600
Served asset /application.css - 304 Not Modified (0ms)


Started GET "/assets/jquery_ujs.js?body=1" for 127.0.0.1 at 2013-10-15 01:19:59 -0600
Served asset /jquery_ujs.js - 304 Not Modified (0ms)


Started GET "/assets/jquery.js?body=1" for 127.0.0.1 at 2013-10-15 01:19:59 -0600
Served asset /jquery.js - 304 Not Modified (0ms)


Started GET "/assets/application.js?body=1" for 127.0.0.1 at 2013-10-15 01:19:59 -0600
Served asset /application.js - 304 Not Modified (5ms)


Started GET "/movies?&sort_by=title" for 127.0.0.1 at 2013-10-15 01:20:00 -0600
Processing by MoviesController#index as HTML
  Parameters: {"sort_by"=>"title"}
  [1m[36mMovie Load (0.2ms)[0m  [1mSELECT DISTINCT rating FROM "movies" [0m
{"session_id"=>"78a667a51b88433be1d3471a3a27ef33", "_csrf_token"=>"4FfnvIuVcb4itIo8J86wdGHByh6x2j2ZcaGqSacNOlA=", "sort_by"=>"title"}
  [1m[35mMovie Load (0.4ms)[0m  SELECT "movies".* FROM "movies" ORDER BY title
  Rendered movies/index.html.haml within layouts/application (4.7ms)
Completed 200 OK in 12ms (Views: 9.3ms | ActiveRecord: 0.6ms)


Started GET "/assets/application.css?body=1" for 127.0.0.1 at 2013-10-15 01:20:00 -0600
Served asset /application.css - 304 Not Modified (0ms)


Started GET "/assets/jquery.js?body=1" for 127.0.0.1 at 2013-10-15 01:20:00 -0600
Served asset /jquery.js - 304 Not Modified (0ms)


Started GET "/assets/jquery_ujs.js?body=1" for 127.0.0.1 at 2013-10-15 01:20:00 -0600
Served asset /jquery_ujs.js - 304 Not Modified (0ms)


Started GET "/assets/application.js?body=1" for 127.0.0.1 at 2013-10-15 01:20:00 -0600
Served asset /application.js - 304 Not Modified (1ms)


Started GET "/movies?&sort_by=title" for 127.0.0.1 at 2013-10-15 01:20:00 -0600
Processing by MoviesController#index as HTML
  Parameters: {"sort_by"=>"title"}
  [1m[36mMovie Load (0.2ms)[0m  [1mSELECT DISTINCT rating FROM "movies" [0m
{"session_id"=>"78a667a51b88433be1d3471a3a27ef33", "_csrf_token"=>"4FfnvIuVcb4itIo8J86wdGHByh6x2j2ZcaGqSacNOlA=", "sort_by"=>"title"}
  [1m[35mMovie Load (0.2ms)[0m  SELECT "movies".* FROM "movies" ORDER BY title
  Rendered movies/index.html.haml within layouts/application (12.8ms)
Completed 200 OK in 21ms (Views: 18.8ms | ActiveRecord: 0.4ms)


Started GET "/assets/application.css?body=1" for 127.0.0.1 at 2013-10-15 01:20:01 -0600
Served asset /application.css - 304 Not Modified (0ms)


Started GET "/assets/jquery.js?body=1" for 127.0.0.1 at 2013-10-15 01:20:01 -0600
Served asset /jquery.js - 304 Not Modified (0ms)


Started GET "/assets/jquery_ujs.js?body=1" for 127.0.0.1 at 2013-10-15 01:20:01 -0600
Served asset /jquery_ujs.js - 304 Not Modified (0ms)


Started GET "/assets/application.js?body=1" for 127.0.0.1 at 2013-10-15 01:20:01 -0600
Served asset /application.js - 304 Not Modified (1ms)


Started GET "/movies?&sort_by=title" for 127.0.0.1 at 2013-10-15 01:20:01 -0600
Processing by MoviesController#index as HTML
  Parameters: {"sort_by"=>"title"}
  [1m[36mMovie Load (0.2ms)[0m  [1mSELECT DISTINCT rating FROM "movies" [0m
{"session_id"=>"78a667a51b88433be1d3471a3a27ef33", "_csrf_token"=>"4FfnvIuVcb4itIo8J86wdGHByh6x2j2ZcaGqSacNOlA=", "sort_by"=>"title"}
  [1m[35mMovie Load (0.4ms)[0m  SELECT "movies".* FROM "movies" ORDER BY title
  Rendered movies/index.html.haml within layouts/application (10.6ms)
Completed 200 OK in 19ms (Views: 16.3ms | ActiveRecord: 0.7ms)


Started GET "/assets/application.css?body=1" for 127.0.0.1 at 2013-10-15 01:20:01 -0600
Served asset /application.css - 304 Not Modified (0ms)


Started GET "/assets/jquery.js?body=1" for 127.0.0.1 at 2013-10-15 01:20:01 -0600
Served asset /jquery.js - 304 Not Modified (0ms)


Started GET "/assets/jquery_ujs.js?body=1" for 127.0.0.1 at 2013-10-15 01:20:01 -0600
Served asset /jquery_ujs.js - 304 Not Modified (0ms)


Started GET "/assets/application.js?body=1" for 127.0.0.1 at 2013-10-15 01:20:01 -0600
Served asset /application.js - 304 Not Modified (0ms)


Started GET "/movies?&sort_by=title" for 127.0.0.1 at 2013-10-15 01:20:01 -0600
Processing by MoviesController#index as HTML
  Parameters: {"sort_by"=>"title"}
  [1m[36mMovie Load (1.4ms)[0m  [1mSELECT DISTINCT rating FROM "movies" [0m
{"session_id"=>"78a667a51b88433be1d3471a3a27ef33", "_csrf_token"=>"4FfnvIuVcb4itIo8J86wdGHByh6x2j2ZcaGqSacNOlA=", "sort_by"=>"title"}
  [1m[35mMovie Load (0.2ms)[0m  SELECT "movies".* FROM "movies" ORDER BY title
  Rendered movies/index.html.haml within layouts/application (8.9ms)
Completed 200 OK in 27ms (Views: 23.8ms | ActiveRecord: 1.6ms)


Started GET "/assets/application.css?body=1" for 127.0.0.1 at 2013-10-15 01:20:01 -0600
Served asset /application.css - 304 Not Modified (0ms)


Started GET "/assets/jquery_ujs.js?body=1" for 127.0.0.1 at 2013-10-15 01:20:01 -0600
Served asset /jquery_ujs.js - 304 Not Modified (0ms)


Started GET "/assets/jquery.js?body=1" for 127.0.0.1 at 2013-10-15 01:20:01 -0600
Served asset /jquery.js - 304 Not Modified (57ms)


Started GET "/assets/application.js?body=1" for 127.0.0.1 at 2013-10-15 01:20:02 -0600
Served asset /application.js - 304 Not Modified (1ms)


Started GET "/movies?&sort_by=title" for 127.0.0.1 at 2013-10-15 01:21:55 -0600
Processing by MoviesController#index as HTML
  Parameters: {"sort_by"=>"title"}
  [1m[36mMovie Load (0.2ms)[0m  [1mSELECT DISTINCT rating FROM "movies" [0m
{"session_id"=>"78a667a51b88433be1d3471a3a27ef33", "_csrf_token"=>"4FfnvIuVcb4itIo8J86wdGHByh6x2j2ZcaGqSacNOlA=", "sort_by"=>"title"}
  [1m[35mMovie Load (0.3ms)[0m  SELECT "movies".* FROM "movies" ORDER BY title
  Rendered movies/index.html.haml within layouts/application (5.5ms)
Compiled application.css  (5ms)  (pid 2034)
Completed 200 OK in 39ms (Views: 36.2ms | ActiveRecord: 0.5ms)


Started GET "/assets/application.css?body=1" for 127.0.0.1 at 2013-10-15 01:21:55 -0600
Served asset /application.css - 200 OK (1ms)


Started GET "/assets/jquery_ujs.js?body=1" for 127.0.0.1 at 2013-10-15 01:21:55 -0600
Served asset /jquery_ujs.js - 304 Not Modified (0ms)


Started GET "/assets/jquery.js?body=1" for 127.0.0.1 at 2013-10-15 01:21:55 -0600
Served asset /jquery.js - 304 Not Modified (0ms)


Started GET "/assets/application.js?body=1" for 127.0.0.1 at 2013-10-15 01:21:55 -0600
Served asset /application.js - 304 Not Modified (0ms)


Started GET "/movies?&sort_by=title" for 127.0.0.1 at 2013-10-15 01:21:56 -0600
Processing by MoviesController#index as HTML
  Parameters: {"sort_by"=>"title"}
  [1m[36mMovie Load (0.3ms)[0m  [1mSELECT DISTINCT rating FROM "movies" [0m
{"session_id"=>"78a667a51b88433be1d3471a3a27ef33", "_csrf_token"=>"4FfnvIuVcb4itIo8J86wdGHByh6x2j2ZcaGqSacNOlA=", "sort_by"=>"title"}
  [1m[35mMovie Load (0.2ms)[0m  SELECT "movies".* FROM "movies" ORDER BY title
  Rendered movies/index.html.haml within layouts/application (4.9ms)
Completed 200 OK in 13ms (Views: 10.9ms | ActiveRecord: 0.5ms)


Started GET "/assets/application.css?body=1" for 127.0.0.1 at 2013-10-15 01:21:56 -0600
Served asset /application.css - 304 Not Modified (0ms)


Started GET "/assets/jquery_ujs.js?body=1" for 127.0.0.1 at 2013-10-15 01:21:56 -0600
Served asset /jquery_ujs.js - 304 Not Modified (0ms)


Started GET "/assets/application.js?body=1" for 127.0.0.1 at 2013-10-15 01:21:56 -0600
Served asset /application.js - 304 Not Modified (4ms)


Started GET "/assets/jquery.js?body=1" for 127.0.0.1 at 2013-10-15 01:21:56 -0600
Served asset /jquery.js - 304 Not Modified (0ms)


Started GET "/movies?&sort_by=title" for 127.0.0.1 at 2013-10-15 01:21:56 -0600
Processing by MoviesController#index as HTML
  Parameters: {"sort_by"=>"title"}
  [1m[36mMovie Load (0.6ms)[0m  [1mSELECT DISTINCT rating FROM "movies" [0m
{"session_id"=>"78a667a51b88433be1d3471a3a27ef33", "_csrf_token"=>"4FfnvIuVcb4itIo8J86wdGHByh6x2j2ZcaGqSacNOlA=", "sort_by"=>"title"}
  [1m[35mMovie Load (0.2ms)[0m  SELECT "movies".* FROM "movies" ORDER BY title
  Rendered movies/index.html.haml within layouts/application (5.6ms)
Completed 200 OK in 18ms (Views: 15.2ms | ActiveRecord: 0.9ms)


Started GET "/assets/application.css?body=1" for 127.0.0.1 at 2013-10-15 01:21:56 -0600
Served asset /application.css - 304 Not Modified (0ms)


Started GET "/assets/jquery_ujs.js?body=1" for 127.0.0.1 at 2013-10-15 01:21:56 -0600
Served asset /jquery_ujs.js - 304 Not Modified (0ms)


Started GET "/assets/application.js?body=1" for 127.0.0.1 at 2013-10-15 01:21:56 -0600
Served asset /application.js - 304 Not Modified (10ms)


Started GET "/assets/jquery.js?body=1" for 127.0.0.1 at 2013-10-15 01:21:57 -0600
Served asset /jquery.js - 304 Not Modified (0ms)


Started GET "/movies?&sort_by=release_date" for 127.0.0.1 at 2013-10-15 01:21:59 -0600
Processing by MoviesController#index as HTML
  Parameters: {"sort_by"=>"release_date"}
  [1m[36mMovie Load (0.2ms)[0m  [1mSELECT DISTINCT rating FROM "movies" [0m
{"session_id"=>"78a667a51b88433be1d3471a3a27ef33", "_csrf_token"=>"4FfnvIuVcb4itIo8J86wdGHByh6x2j2ZcaGqSacNOlA=", "sort_by"=>"title"}
  [1m[35mMovie Load (0.2ms)[0m  SELECT "movies".* FROM "movies" ORDER BY release_date
  Rendered movies/index.html.haml within layouts/application (14.8ms)
Completed 200 OK in 25ms (Views: 22.9ms | ActiveRecord: 0.4ms)


Started GET "/assets/application.css?body=1" for 127.0.0.1 at 2013-10-15 01:21:59 -0600
Served asset /application.css - 304 Not Modified (0ms)


Started GET "/assets/jquery.js?body=1" for 127.0.0.1 at 2013-10-15 01:21:59 -0600
Served asset /jquery.js - 304 Not Modified (1ms)


Started GET "/assets/application.js?body=1" for 127.0.0.1 at 2013-10-15 01:21:59 -0600
Served asset /application.js - 304 Not Modified (1ms)


Started GET "/assets/jquery_ujs.js?body=1" for 127.0.0.1 at 2013-10-15 01:21:59 -0600
Served asset /jquery_ujs.js - 304 Not Modified (8ms)


Started GET "/movies?&sort_by=title" for 127.0.0.1 at 2013-10-15 01:22:00 -0600
Processing by MoviesController#index as HTML
  Parameters: {"sort_by"=>"title"}
  [1m[36mMovie Load (0.2ms)[0m  [1mSELECT DISTINCT rating FROM "movies" [0m
{"session_id"=>"78a667a51b88433be1d3471a3a27ef33", "_csrf_token"=>"4FfnvIuVcb4itIo8J86wdGHByh6x2j2ZcaGqSacNOlA=", "sort_by"=>"release_date"}
  [1m[35mMovie Load (0.1ms)[0m  SELECT "movies".* FROM "movies" ORDER BY title
  Rendered movies/index.html.haml within layouts/application (8.5ms)
Completed 200 OK in 17ms (Views: 13.1ms | ActiveRecord: 0.3ms)


Started GET "/assets/application.css?body=1" for 127.0.0.1 at 2013-10-15 01:22:01 -0600
Served asset /application.css - 304 Not Modified (0ms)


Started GET "/assets/jquery.js?body=1" for 127.0.0.1 at 2013-10-15 01:22:01 -0600
Served asset /jquery.js - 304 Not Modified (0ms)


Started GET "/assets/jquery_ujs.js?body=1" for 127.0.0.1 at 2013-10-15 01:22:01 -0600
Served asset /jquery_ujs.js - 304 Not Modified (0ms)


Started GET "/assets/application.js?body=1" for 127.0.0.1 at 2013-10-15 01:22:01 -0600
Served asset /application.js - 304 Not Modified (1ms)


Started GET "/movies?utf8=%E2%9C%93&ratings%5BPG-13%5D=1&ratings%5BR%5D=1&commit=Refresh" for 127.0.0.1 at 2013-10-15 01:23:07 -0600
Processing by MoviesController#index as HTML
  Parameters: {"utf8"=>"✓", "ratings"=>{"PG-13"=>"1", "R"=>"1"}, "commit"=>"Refresh"}
  [1m[36mMovie Load (0.2ms)[0m  [1mSELECT DISTINCT rating FROM "movies" [0m
{"session_id"=>"78a667a51b88433be1d3471a3a27ef33", "_csrf_token"=>"4FfnvIuVcb4itIo8J86wdGHByh6x2j2ZcaGqSacNOlA=", "sort_by"=>"title"}
Redirected to http://localhost:3000/movies?ratings%5BPG-13%5D=1&ratings%5BR%5D=1&sort_by=title
  [1m[35mMovie Load (0.3ms)[0m  SELECT "movies".* FROM "movies" WHERE "movies"."rating" IN ('PG-13', 'R') ORDER BY title
Completed 302 Found in 7ms (ActiveRecord: 0.5ms)


Started GET "/movies?ratings%5BPG-13%5D=1&ratings%5BR%5D=1&sort_by=title" for 127.0.0.1 at 2013-10-15 01:23:07 -0600
Processing by MoviesController#index as HTML
  Parameters: {"ratings"=>{"PG-13"=>"1", "R"=>"1"}, "sort_by"=>"title"}
  [1m[36mMovie Load (0.2ms)[0m  [1mSELECT DISTINCT rating FROM "movies" [0m
{"session_id"=>"78a667a51b88433be1d3471a3a27ef33", "_csrf_token"=>"4FfnvIuVcb4itIo8J86wdGHByh6x2j2ZcaGqSacNOlA=", "sort_by"=>"title", "ratings"=>{"PG-13"=>"1", "R"=>"1"}}
  [1m[35mMovie Load (1.8ms)[0m  SELECT "movies".* FROM "movies" WHERE "movies"."rating" IN ('PG-13', 'R') ORDER BY title
  Rendered movies/index.html.haml within layouts/application (10.2ms)
Completed 200 OK in 19ms (Views: 15.2ms | ActiveRecord: 2.0ms)


Started GET "/assets/application.css?body=1" for 127.0.0.1 at 2013-10-15 01:23:07 -0600
Served asset /application.css - 304 Not Modified (0ms)


Started GET "/assets/application.js?body=1" for 127.0.0.1 at 2013-10-15 01:23:07 -0600
Served asset /application.js - 304 Not Modified (4ms)


Started GET "/assets/jquery.js?body=1" for 127.0.0.1 at 2013-10-15 01:23:07 -0600
Served asset /jquery.js - 304 Not Modified (0ms)


Started GET "/assets/jquery_ujs.js?body=1" for 127.0.0.1 at 2013-10-15 01:23:07 -0600
Served asset /jquery_ujs.js - 304 Not Modified (0ms)


Started GET "/movies/6" for 127.0.0.1 at 2013-10-15 01:23:08 -0600
Processing by MoviesController#show as HTML
  Parameters: {"id"=>"6"}
  [1m[36mMovie Load (0.2ms)[0m  [1mSELECT "movies".* FROM "movies" WHERE "movies"."id" = ? LIMIT 1[0m  [["id", "6"]]
  Rendered movies/show.html.haml within layouts/application (1.7ms)
Completed 200 OK in 9ms (Views: 7.5ms | ActiveRecord: 0.2ms)


Started GET "/assets/application.css?body=1" for 127.0.0.1 at 2013-10-15 01:23:08 -0600
Served asset /application.css - 304 Not Modified (0ms)


Started GET "/assets/jquery.js?body=1" for 127.0.0.1 at 2013-10-15 01:23:08 -0600
Served asset /jquery.js - 304 Not Modified (0ms)


Started GET "/assets/application.js?body=1" for 127.0.0.1 at 2013-10-15 01:23:08 -0600
Served asset /application.js - 304 Not Modified (0ms)


Started GET "/assets/jquery_ujs.js?body=1" for 127.0.0.1 at 2013-10-15 01:23:09 -0600
Served asset /jquery_ujs.js - 304 Not Modified (0ms)


Started GET "/movies" for 127.0.0.1 at 2013-10-15 01:23:10 -0600
Processing by MoviesController#index as HTML
  [1m[35mMovie Load (0.2ms)[0m  SELECT DISTINCT rating FROM "movies" 
{"session_id"=>"78a667a51b88433be1d3471a3a27ef33", "_csrf_token"=>"4FfnvIuVcb4itIo8J86wdGHByh6x2j2ZcaGqSacNOlA=", "sort_by"=>"title", "ratings"=>{"PG-13"=>"1", "R"=>"1"}}
Redirected to http://localhost:3000/movies?ratings%5BPG-13%5D=1&ratings%5BR%5D=1&sort_by=title
  [1m[36mMovie Load (0.2ms)[0m  [1mSELECT "movies".* FROM "movies" WHERE "movies"."rating" IN ('PG-13', 'R') ORDER BY title[0m
Completed 302 Found in 3ms (ActiveRecord: 0.4ms)


Started GET "/movies?ratings%5BPG-13%5D=1&ratings%5BR%5D=1&sort_by=title" for 127.0.0.1 at 2013-10-15 01:23:10 -0600
Processing by MoviesController#index as HTML
  Parameters: {"ratings"=>{"PG-13"=>"1", "R"=>"1"}, "sort_by"=>"title"}
  [1m[35mMovie Load (0.2ms)[0m  SELECT DISTINCT rating FROM "movies" 
{"session_id"=>"78a667a51b88433be1d3471a3a27ef33", "_csrf_token"=>"4FfnvIuVcb4itIo8J86wdGHByh6x2j2ZcaGqSacNOlA=", "sort_by"=>"title", "ratings"=>{"PG-13"=>"1", "R"=>"1"}}
  [1m[36mMovie Load (0.2ms)[0m  [1mSELECT "movies".* FROM "movies" WHERE "movies"."rating" IN ('PG-13', 'R') ORDER BY title[0m
  Rendered movies/index.html.haml within layouts/application (4.2ms)
Completed 200 OK in 69ms (Views: 67.3ms | ActiveRecord: 0.4ms)


Started GET "/assets/application.css?body=1" for 127.0.0.1 at 2013-10-15 01:23:11 -0600
Served asset /application.css - 304 Not Modified (0ms)


Started GET "/assets/jquery.js?body=1" for 127.0.0.1 at 2013-10-15 01:23:11 -0600
Served asset /jquery.js - 304 Not Modified (0ms)


Started GET "/assets/jquery_ujs.js?body=1" for 127.0.0.1 at 2013-10-15 01:23:11 -0600
Served asset /jquery_ujs.js - 304 Not Modified (0ms)


Started GET "/assets/application.js?body=1" for 127.0.0.1 at 2013-10-15 01:23:11 -0600
Served asset /application.js - 304 Not Modified (0ms)
